****************************************************************
* 3D Synthesis System Version 3.13 June 13, 1999               *
* Copyright (C) 1992-93 by Kenneth Y. Yun, Stanford University *
*               1994-99 by Kenneth Y. Yun, UC San Diego        *
* All rights reserved                                          *
****************************************************************

3D> stateassign MUL1.nounc MUL1.sym

3D> stateencode MUL1.sym MUL1.enc

3D> backannotate MUL1

3D> logicgen MUL1.unc MUL1.out

3D> formatout MUL1.out

3D> formattrans MUL1.out

3D> HFMIN -L Prech Prech
Merging output PLA files...
HFMIN> merge-PLAs-II XPRECH Prech
PLA 'Prech.on' claims to have 0 product terms.
PLA 'Prech.off' claims to have 0 product terms.
Generating primes with espresso...
HFMIN> espresso -Dprimes XPRECH.on > XPRECH.pi
Minimizing logic with hfmin...
HFMIN> hfmin -l -P XPRECH.on XPRECH.trans XPRECH.pi > XPRECH.sol
Finished minimizing; results should appear in 'XPRECH.sol'.

3D> HFMIN -L Prech_r Prech_r
Merging output PLA files...
HFMIN> merge-PLAs-II XPRECH_r Prech_r
PLA 'Prech_r.on' claims to have 0 product terms.
PLA 'Prech_r.off' claims to have 0 product terms.
Generating primes with espresso...
HFMIN> espresso -Dprimes XPRECH_r.on > XPRECH_r.pi
Minimizing logic with hfmin...
HFMIN> hfmin -l -P XPRECH_r.on XPRECH_r.trans XPRECH_r.pi > XPRECH_r.sol
Finished minimizing; results should appear in 'XPRECH_r.sol'.

3D> HFMIN -L Prech_f Prech_f
Merging output PLA files...
HFMIN> merge-PLAs-II XPRECH_f Prech_f
PLA 'Prech_f.on' claims to have 0 product terms.
PLA 'Prech_f.off' claims to have 0 product terms.
Generating primes with espresso...
HFMIN> espresso -Dprimes XPRECH_f.on > XPRECH_f.pi
Minimizing logic with hfmin...
HFMIN> hfmin -l -P XPRECH_f.on XPRECH_f.trans XPRECH_f.pi > XPRECH_f.sol
Finished minimizing; results should appear in 'XPRECH_f.sol'.

3D> HFMIN -L M1A M1A
Merging output PLA files...
HFMIN> merge-PLAs-II XM1A M1A
PLA 'M1A.on' claims to have 0 product terms.
PLA 'M1A.off' claims to have 0 product terms.
Generating primes with espresso...
HFMIN> espresso -Dprimes XM1A.on > XM1A.pi
Minimizing logic with hfmin...
HFMIN> hfmin -l -P XM1A.on XM1A.trans XM1A.pi > XM1A.sol
Finished minimizing; results should appear in 'XM1A.sol'.

3D> HFMIN -L M1A_r M1A_r
Merging output PLA files...
HFMIN> merge-PLAs-II XM1A_r M1A_r
PLA 'M1A_r.on' claims to have 0 product terms.
PLA 'M1A_r.off' claims to have 0 product terms.
Generating primes with espresso...
HFMIN> espresso -Dprimes XM1A_r.on > XM1A_r.pi
Minimizing logic with hfmin...
HFMIN> hfmin -l -P XM1A_r.on XM1A_r.trans XM1A_r.pi > XM1A_r.sol
Finished minimizing; results should appear in 'XM1A_r.sol'.

3D> HFMIN -L M1A_f M1A_f
Merging output PLA files...
HFMIN> merge-PLAs-II XM1A_f M1A_f
PLA 'M1A_f.on' claims to have 0 product terms.
PLA 'M1A_f.off' claims to have 0 product terms.
Generating primes with espresso...
HFMIN> espresso -Dprimes XM1A_f.on > XM1A_f.pi
Minimizing logic with hfmin...
HFMIN> hfmin -l -P XM1A_f.on XM1A_f.trans XM1A_f.pi > XM1A_f.sol
Finished minimizing; results should appear in 'XM1A_f.sol'.

3D> HFMIN -L LM1 LM1
Merging output PLA files...
HFMIN> merge-PLAs-II XLM1 LM1
PLA 'LM1.on' claims to have 0 product terms.
PLA 'LM1.off' claims to have 0 product terms.
Generating primes with espresso...
HFMIN> espresso -Dprimes XLM1.on > XLM1.pi
Minimizing logic with hfmin...
HFMIN> hfmin -l -P XLM1.on XLM1.trans XLM1.pi > XLM1.sol
Finished minimizing; results should appear in 'XLM1.sol'.

3D> HFMIN -L LM1_r LM1_r
Merging output PLA files...
HFMIN> merge-PLAs-II XLM1_r LM1_r
PLA 'LM1_r.on' claims to have 0 product terms.
PLA 'LM1_r.off' claims to have 0 product terms.
Generating primes with espresso...
HFMIN> espresso -Dprimes XLM1_r.on > XLM1_r.pi
Minimizing logic with hfmin...
HFMIN> hfmin -l -P XLM1_r.on XLM1_r.trans XLM1_r.pi > XLM1_r.sol
Finished minimizing; results should appear in 'XLM1_r.sol'.

3D> HFMIN -L LM1_f LM1_f
Merging output PLA files...
HFMIN> merge-PLAs-II XLM1_f LM1_f
PLA 'LM1_f.on' claims to have 0 product terms.
PLA 'LM1_f.off' claims to have 0 product terms.
Generating primes with espresso...
HFMIN> espresso -Dprimes XLM1_f.on > XLM1_f.pi
Minimizing logic with hfmin...
HFMIN> hfmin -l -P XLM1_f.on XLM1_f.trans XLM1_f.pi > XLM1_f.sol
Finished minimizing; results should appear in 'XLM1_f.sol'.

3D> HFMIN -L zzz00 zzz00
Merging output PLA files...
HFMIN> merge-PLAs-II XZZZ00 zzz00
PLA 'zzz00.on' claims to have 0 product terms.
PLA 'zzz00.off' claims to have 0 product terms.
Generating primes with espresso...
HFMIN> espresso -Dprimes XZZZ00.on > XZZZ00.pi
Minimizing logic with hfmin...
HFMIN> hfmin -l -P XZZZ00.on XZZZ00.trans XZZZ00.pi > XZZZ00.sol
Finished minimizing; results should appear in 'XZZZ00.sol'.

3D> HFMIN -L zzz00_r zzz00_r
Merging output PLA files...
HFMIN> merge-PLAs-II XZZZ00_r zzz00_r
PLA 'zzz00_r.on' claims to have 0 product terms.
PLA 'zzz00_r.off' claims to have 0 product terms.
Generating primes with espresso...
HFMIN> espresso -Dprimes XZZZ00_r.on > XZZZ00_r.pi
Minimizing logic with hfmin...
HFMIN> hfmin -l -P XZZZ00_r.on XZZZ00_r.trans XZZZ00_r.pi > XZZZ00_r.sol
Finished minimizing; results should appear in 'XZZZ00_r.sol'.

3D> HFMIN -L zzz00_f zzz00_f
Merging output PLA files...
HFMIN> merge-PLAs-II XZZZ00_f zzz00_f
PLA 'zzz00_f.on' claims to have 0 product terms.
PLA 'zzz00_f.off' claims to have 0 product terms.
Generating primes with espresso...
HFMIN> espresso -Dprimes XZZZ00_f.on > XZZZ00_f.pi
Minimizing logic with hfmin...
HFMIN> hfmin -l -P XZZZ00_f.on XZZZ00_f.trans XZZZ00_f.pi > XZZZ00_f.sol
Finished minimizing; results should appear in 'XZZZ00_f.sol'.

3D> logiceqn MUL1 MUL1.eqn
