Input Count   = 3
Output Count  = 4
Initial State = 1001010

* State Diagram *
(0)	1001010
 P  3	1000100
 N  1	0111010	 0- 1+ 2+	|  3- 5- 6+

(1)	0110001
 P  0	0111010
 N  2	1110001	 0+	|  3+ 4+ 5+

(2)	1111111
 P  1	1110001
 N  3	0-01111	 0- 1* 2-	|  3- 5- 6-

(3)	0-00100
 P  2	0-01111
 N  0	1000100	 0+ 1-	|  3+ 4- 5+


0 => 1
 3  1-0 I	1001010    0111010
 3  0-0 O	0111010    0110001
 4  0-0 I	1001010    0111010
 4  0-0 O	0111010    0110001
 5  1-0 I	1001010    0111010
 5  0-0 O	0111010    0110001
 6  0-1 I	1001010    0111010
 6  1-1 O	0111010    0110001

   InitIO    	1001010   [1001010]
   After Cond	1001010   [1001010]
   After IB  	0111010
   After EOB 	0110001
   NextIO    	0110001
 3 [ON]  1-0 I	1--1010
   [PRV]	1--1010   [1001010]
 3 [ON]  1-0 I	-0-1010
   [PRV]	-0-1010   [1001010]
 3 [ON]  1-0 I	--01010
   [PRV]	--01010   [1001010]
 5 [ON]  1-0 I	1--1010
   [PRV]	1--1010   [1001010]
 5 [ON]  1-0 I	-0-1010
   [PRV]	-0-1010   [1001010]
 5 [ON]  1-0 I	--01010
   [PRV]	--01010   [1001010]
 6 [ON]  0-1 O	011-0--
 3 [OFF] 1-0 O	011-0--
 4 [OFF] 0-0 I	---1010
 4 [OFF] 0-0 O	011-0--
 5 [OFF] 1-0 O	011-0--
 6 [OFF] 0-1 I	1--1010
 6 [OFF] 0-1 I	-0-1010
 6 [OFF] 0-1 I	--01010

1 => 2
 3  0-1 I	0110001    1110001
 3  1-1 O	1110001    1111111
 4  0-1 I	0110001    1110001
 4  1-1 O	1110001    1111111
 5  0-1 I	0110001    1110001
 5  1-1 O	1110001    1111111
 6  1-1 I	0110001    1110001
 6  1-1 O	1110001    1111111

   InitIO    	0110001   [0110001]
   After Cond	0110001   [0110001]
   After IB  	1110001
   After EOB 	1111111
   NextIO    	1111111
 3 [ON]  0-1 O	111---1
 4 [ON]  0-1 O	111---1
 5 [ON]  0-1 O	111---1
 6 [ON]  1-1 I	-110001
 6 [ON]  1-1 O	111---1

2 => 3
 3  1-0 I	1111111    0-01111
 3  0-0 O	0-01111    0-00100
 4  1-1 I	1111111    0-01111
 4  1-1 O	0-01111    0-00100
 5  1-0 I	1111111    0-01111
 5  0-0 O	0-01111    0-00100
 6  1-0 I	1111111    0-01111
 6  0-0 O	0-01111    0-00100

   InitIO    	1111111   [1111111]
   After Cond	1111111   [1111111]
   After IB  	0-01111
   After EOB 	0-00100
   NextIO    	0-00100
 3 [ON]  1-0 I	1--1111
   [PRV]	1--1111   [1111111]
 3 [ON]  1-0 I	--11111
   [PRV]	--11111   [1111111]
 4 [ON]  1-1 I	---1111
 4 [ON]  1-1 O	0-0-1--
 5 [ON]  1-0 I	1--1111
   [PRV]	1--1111   [1111111]
 5 [ON]  1-0 I	--11111
   [PRV]	--11111   [1111111]
 6 [ON]  1-0 I	1--1111
   [PRV]	1--1111   [1111111]
 6 [ON]  1-0 I	--11111
   [PRV]	--11111   [1111111]
 3 [OFF] 1-0 O	0-0-1--
 5 [OFF] 1-0 O	0-0-1--
 6 [OFF] 1-0 O	0-0-1--

3 => 0
 3  0-1 I	0-00100    1000100
 3  1-1 O	1000100    1001010
 4  1-0 I	0-00100    1000100
 4  0-0 O	1000100    1001010
 5  0-1 I	0-00100    1000100
 5  1-1 O	1000100    1001010
 6  0-0 I	0-00100    1000100
 6  0-0 O	1000100    1001010

   InitIO    	0-00100   [0100100]
   After Cond	0-00100   [0100100]
   After IB  	1000100
   After EOB 	1001010
   NextIO    	1001010
 3 [ON]  0-1 O	100---0
 4 [ON]  1-0 I	0-00100
   [PRV]	0-00100   [0100100]
 4 [ON]  1-0 I	-100100
   [PRV]	-100100   [0100100]
 5 [ON]  0-1 O	100---0
 3 [OFF] 0-1 I	0-00100
 3 [OFF] 0-1 I	-100100
 4 [OFF] 1-0 O	100---0
 5 [OFF] 0-1 I	0-00100
 5 [OFF] 0-1 I	-100100
 6 [OFF] 0-0 I	--00100
 6 [OFF] 0-0 O	100---0

* Inputs *
EvDone
A2M
A1M
Prech
M1A
LM1
zzz00

* Output <Prech> On-Set *
1--1010
-0-1010
--01010
111---1
1--1111
--11111
100---0

* Output <Prech> Off-Set *
011-0--
0-0-1--
0-00100
-100100

* Output <M1A> On-Set *
111---1
---1111
0-0-1--
0-00100
-100100

* Output <M1A> Off-Set *
---1010
011-0--
100---0

* Output <LM1> On-Set *
1--1010
-0-1010
--01010
111---1
1--1111
--11111
100---0

* Output <LM1> Off-Set *
011-0--
0-0-1--
0-00100
-100100

* Output <zzz00> On-Set *
011-0--
-110001
111---1
1--1111
--11111

* Output <zzz00> Off-Set *
1--1010
-0-1010
--01010
0-0-1--
--00100
100---0

* Output <Prech> Rising-Set *
1110001
1000100

* Output <Prech> Falling-Set *
0111010
0-01111

* Output <M1A> Rising-Set *
1110001

* Output <M1A> Falling-Set *
1000100

* Output <LM1> Rising-Set *
1110001
1000100

* Output <LM1> Falling-Set *
0111010
0-01111

* Output <zzz00> Rising-Set *
0111010

* Output <zzz00> Falling-Set *
0-01111
