Input Count   = 5
Output Count  = 10
Initial State = 0000-1000000000

* State Diagram *
(0)	0000-1000000000
 P 13	0000-1000100011
 N  1	1000-1000000000	 0+ 4*	|  5-

(1)	1000-0000000000
 P  0	1000-1000000000
 N  2	110000000000000	 4_ 1+	| 13+14+	|  5+ 8+10+
 N 12	110010000000000	 4^ 1+	| 12+14+	|  5+

(2)	1100-1001010011
 P  1	110000000000000
	110000000000011
 N  3	10---1001010011	 1- 2* 3* 4*	|  5-13-14-

(3)	10---0001010000
 P  2	10---1001010011
 P  8	10---1011010110
 N  4	11---0001010000	 1+ 2* 3* 4*	|  5+ 6+10-

(4)	11---1101000000
 P  3	11---0001010000
 N  5	1011-1101000000	 1- 2+ 3+ 4*	|  5- 8-

(5)	1011-0100000000
 P  4	1011-1101000000
 N  6	11--00100000000	 4_ 1+ 2* 3*	| 13+14+	|  5+10+11+
 N  9	11--10100000000	 4^ 1+ 2* 3*	| 12+13+	|  5+11+

(6)	11---1100011011
 P  5	11--00100000000
	11--00100000011
 N  7	10---1100011011	 1- 2* 3* 4*	|  5- 6-12+14-

(7)	10---0000011110
 P  6	10---1100011011
 N  8	1100-0000011110	 1+ 2- 3- 4*	|  5+ 7+ 8+11-

(8)	1100-1011010110
 P  7	1100-0000011110
 N  3	10---1011010110	 1- 2* 3* 4*	|  5- 7-12-13-

(9)	11---1100001110
 P  5	11--10100000000
	11--10100000110
 N 10	10---1100001110	 1- 2* 3* 4*	|  5- 6-

(10)	10---0000001110
 P  9	10---1100001110
 N 11	1100-0000001110	 1+ 2- 3- 4*	|  5+ 7+11-

(11)	1100-1010000110
 P 10	1100-0000001110
 N 13	1000-1010000110	 1- 4*	|  7- 9+12-14+

(12)	1100-1000000101
 P  1	110010000000000
	110010000000101
 N 13	1000-1000000101	 1- 4*	|  9+12-13+

(13)	1000-1000100011
 P 11	1000-1010000110
 P 12	1000-1000000101
 N  0	0000-1000100011	 0- 4*	|  9-13-14-


0 => 1
 5  1-0 I	0000-1000000000    1000-1000000000
 5  0-0 O	1000-1000000000    1000-0000000000
 6  0-0 I	0000-1000000000    1000-1000000000
 6  0-0 O	1000-1000000000    1000-0000000000
 7  0-0 I	0000-1000000000    1000-1000000000
 7  0-0 O	1000-1000000000    1000-0000000000
 8  0-0 I	0000-1000000000    1000-1000000000
 8  0-0 O	1000-1000000000    1000-0000000000
 9  0-0 I	0000-1000000000    1000-1000000000
 9  0-0 O	1000-1000000000    1000-0000000000
10  0-0 I	0000-1000000000    1000-1000000000
10  0-0 O	1000-1000000000    1000-0000000000
11  0-0 I	0000-1000000000    1000-1000000000
11  0-0 O	1000-1000000000    1000-0000000000
12  0-0 I	0000-1000000000    1000-1000000000
12  0-0 O	1000-1000000000    1000-0000000000
13  0-0 I	0000-1000000000    1000-1000000000
13  0-0 O	1000-1000000000    1000-0000000000
14  0-0 I	0000-1000000000    1000-1000000000
14  0-0 O	1000-1000000000    1000-0000000000

   InitIO    	0000-1000000000   [0000-1000000000]
   After Cond	0000-1000000000   [0000-1000000000]
   After IB  	1000-1000000000
   After EOB 	1000-0000000000
   NextIO    	1000-0000000000
 5 [OFF] 1-0 O	1000--000000000
 6 [OFF] 0-0 I	-000-1000000000
 6 [OFF] 0-0 O	1000--000000000
 7 [OFF] 0-0 I	-000-1000000000
 7 [OFF] 0-0 O	1000--000000000
 8 [OFF] 0-0 I	-000-1000000000
 8 [OFF] 0-0 O	1000--000000000
 9 [OFF] 0-0 I	-000-1000000000
 9 [OFF] 0-0 O	1000--000000000
10 [OFF] 0-0 I	-000-1000000000
10 [OFF] 0-0 O	1000--000000000
11 [OFF] 0-0 I	-000-1000000000
11 [OFF] 0-0 O	1000--000000000
12 [OFF] 0-0 I	-000-1000000000
12 [OFF] 0-0 O	1000--000000000
13 [OFF] 0-0 I	-000-1000000000
13 [OFF] 0-0 O	1000--000000000
14 [OFF] 0-0 I	-000-1000000000
14 [OFF] 0-0 O	1000--000000000

1 => 2
 5  0-0 I	100000000000000    110000000000000
 5  0-1 O	110000000000000    110000000000011
 5  1-1 L	110000000000011    1100-1001010011
 6  0-0 I	100000000000000    110000000000000
 6  0-0 O	110000000000000    110000000000011
 6  0-0 L	110000000000011    1100-1001010011
 7  0-0 I	100000000000000    110000000000000
 7  0-0 O	110000000000000    110000000000011
 7  0-0 L	110000000000011    1100-1001010011
 8  0-0 I	100000000000000    110000000000000
 8  0-1 O	110000000000000    110000000000011
 8  1-1 L	110000000000011    1100-1001010011
 9  0-0 I	100000000000000    110000000000000
 9  0-0 O	110000000000000    110000000000011
 9  0-0 L	110000000000011    1100-1001010011
10  0-0 I	100000000000000    110000000000000
10  0-1 O	110000000000000    110000000000011
10  1-1 L	110000000000011    1100-1001010011
11  0-0 I	100000000000000    110000000000000
11  0-0 O	110000000000000    110000000000011
11  0-0 L	110000000000011    1100-1001010011
12  0-0 I	100000000000000    110000000000000
12  0-0 O	110000000000000    110000000000011
12  0-0 L	110000000000011    1100-1001010011
13  0-1 I	100000000000000    110000000000000
13  1-1 O	110000000000000    110000000000011
13  1-1 L	110000000000011    1100-1001010011
14  0-1 I	100000000000000    110000000000000
14  1-1 O	110000000000000    110000000000011
14  1-1 L	110000000000011    1100-1001010011

   InitIO    	1000-0000000000   [1000-0000000000]
   After Cond	100000000000000   [100000000000000]
   After IB  	110000000000000
   After EOB 	110000000000011
   NextIO    	1100-1001010011
 5 [ON]  0-1 L	1100--00-0-0011
 8 [ON]  0-1 L	1100--00-0-0011
10 [ON]  0-1 L	1100--00-0-0011
13 [ON]  0-1 O	1100000000000--
13 [ON]  0-1 L	1100--00-0-0011
14 [ON]  0-1 O	1100000000000--
14 [ON]  0-1 L	1100--00-0-0011
 5 [OFF] 0-1 I	1-0000000000000
 5 [OFF] 0-1 O	11000000000000-
 5 [OFF] 0-1 O	1100000000000-0
 6 [OFF] 0-0 I	1-0000000000000
 6 [OFF] 0-0 O	1100000000000--
 6 [OFF] 0-0 L	1100--00-0-0011
 7 [OFF] 0-0 I	1-0000000000000
 7 [OFF] 0-0 O	1100000000000--
 7 [OFF] 0-0 L	1100--00-0-0011
 8 [OFF] 0-1 I	1-0000000000000
 8 [OFF] 0-1 O	11000000000000-
 8 [OFF] 0-1 O	1100000000000-0
 9 [OFF] 0-0 I	1-0000000000000
 9 [OFF] 0-0 O	1100000000000--
 9 [OFF] 0-0 L	1100--00-0-0011
10 [OFF] 0-1 I	1-0000000000000
10 [OFF] 0-1 O	11000000000000-
10 [OFF] 0-1 O	1100000000000-0
11 [OFF] 0-0 I	1-0000000000000
11 [OFF] 0-0 O	1100000000000--
11 [OFF] 0-0 L	1100--00-0-0011
12 [OFF] 0-0 I	1-0000000000000
12 [OFF] 0-0 O	1100000000000--
12 [OFF] 0-0 L	1100--00-0-0011

1 => 12
 5  0-0 I	100010000000000    110010000000000
 5  0-1 O	110010000000000    110010000000101
 5  1-1 L	110010000000101    1100-1000000101
 6  0-0 I	100010000000000    110010000000000
 6  0-0 O	110010000000000    110010000000101
 6  0-0 L	110010000000101    1100-1000000101
 7  0-0 I	100010000000000    110010000000000
 7  0-0 O	110010000000000    110010000000101
 7  0-0 L	110010000000101    1100-1000000101
 8  0-0 I	100010000000000    110010000000000
 8  0-0 O	110010000000000    110010000000101
 8  0-0 L	110010000000101    1100-1000000101
 9  0-0 I	100010000000000    110010000000000
 9  0-0 O	110010000000000    110010000000101
 9  0-0 L	110010000000101    1100-1000000101
10  0-0 I	100010000000000    110010000000000
10  0-0 O	110010000000000    110010000000101
10  0-0 L	110010000000101    1100-1000000101
11  0-0 I	100010000000000    110010000000000
11  0-0 O	110010000000000    110010000000101
11  0-0 L	110010000000101    1100-1000000101
12  0-1 I	100010000000000    110010000000000
12  1-1 O	110010000000000    110010000000101
12  1-1 L	110010000000101    1100-1000000101
13  0-0 I	100010000000000    110010000000000
13  0-0 O	110010000000000    110010000000101
13  0-0 L	110010000000101    1100-1000000101
14  0-1 I	100010000000000    110010000000000
14  1-1 O	110010000000000    110010000000101
14  1-1 L	110010000000101    1100-1000000101

   InitIO    	1000-0000000000   [1000-0000000000]
   After Cond	100010000000000   [100010000000000]
   After IB  	110010000000000
   After EOB 	110010000000101
   NextIO    	1100-1000000101
 5 [ON]  0-1 L	1100--000000101
12 [ON]  0-1 O	110010000000-0-
12 [ON]  0-1 L	1100--000000101
14 [ON]  0-1 O	110010000000-0-
14 [ON]  0-1 L	1100--000000101
 5 [OFF] 0-1 I	1-0010000000000
 5 [OFF] 0-1 O	11001000000000-
 5 [OFF] 0-1 O	110010000000-00
 6 [OFF] 0-0 I	1-0010000000000
 6 [OFF] 0-0 O	110010000000-0-
 6 [OFF] 0-0 L	1100--000000101
 7 [OFF] 0-0 I	1-0010000000000
 7 [OFF] 0-0 O	110010000000-0-
 7 [OFF] 0-0 L	1100--000000101
 8 [OFF] 0-0 I	1-0010000000000
 8 [OFF] 0-0 O	110010000000-0-
 8 [OFF] 0-0 L	1100--000000101
 9 [OFF] 0-0 I	1-0010000000000
 9 [OFF] 0-0 O	110010000000-0-
 9 [OFF] 0-0 L	1100--000000101
10 [OFF] 0-0 I	1-0010000000000
10 [OFF] 0-0 O	110010000000-0-
10 [OFF] 0-0 L	1100--000000101
11 [OFF] 0-0 I	1-0010000000000
11 [OFF] 0-0 O	110010000000-0-
11 [OFF] 0-0 L	1100--000000101
13 [OFF] 0-0 I	1-0010000000000
13 [OFF] 0-0 O	110010000000-0-
13 [OFF] 0-0 L	1100--000000101

2 => 3
 5  1-0 I	1100-1001010011    10---1001010011
 5  0-0 O	10---1001010011    10---0001010000
 6  0-0 I	1100-1001010011    10---1001010011
 6  0-0 O	10---1001010011    10---0001010000
 7  0-0 I	1100-1001010011    10---1001010011
 7  0-0 O	10---1001010011    10---0001010000
 8  1-1 I	1100-1001010011    10---1001010011
 8  1-1 O	10---1001010011    10---0001010000
 9  0-0 I	1100-1001010011    10---1001010011
 9  0-0 O	10---1001010011    10---0001010000
10  1-1 I	1100-1001010011    10---1001010011
10  1-1 O	10---1001010011    10---0001010000
11  0-0 I	1100-1001010011    10---1001010011
11  0-0 O	10---1001010011    10---0001010000
12  0-0 I	1100-1001010011    10---1001010011
12  0-0 O	10---1001010011    10---0001010000
13  1-0 I	1100-1001010011    10---1001010011
13  0-0 O	10---1001010011    10---0001010000
14  1-0 I	1100-1001010011    10---1001010011
14  0-0 O	10---1001010011    10---0001010000

   InitIO    	1100-1001010011   [110001001010011]
   After Cond	1100-1001010011   [110001001010011]
   After IB  	10---1001010011
   After EOB 	10---0001010000
   NextIO    	10---0001010000
 5 [ON]  1-0 I	11---1001010011
   [PRV]	11---1001010011   [110001001010011]
   [PRV]	11---1001010011   [110011001010011]
 8 [ON]  1-1 I	1----1001010011
 8 [ON]  1-1 O	10----0010100--
10 [ON]  1-1 I	1----1001010011
10 [ON]  1-1 O	10----0010100--
13 [ON]  1-0 I	11---1001010011
   [PRV]	11---1001010011   [110001001010011]
   [PRV]	11---1001010011   [110011001010011]
14 [ON]  1-0 I	11---1001010011
   [PRV]	11---1001010011   [110001001010011]
   [PRV]	11---1001010011   [110011001010011]
 5 [OFF] 1-0 O	10----0010100--
 6 [OFF] 0-0 I	1----1001010011
 6 [OFF] 0-0 O	10----0010100--
 7 [OFF] 0-0 I	1----1001010011
 7 [OFF] 0-0 O	10----0010100--
 9 [OFF] 0-0 I	1----1001010011
 9 [OFF] 0-0 O	10----0010100--
11 [OFF] 0-0 I	1----1001010011
11 [OFF] 0-0 O	10----0010100--
12 [OFF] 0-0 I	1----1001010011
12 [OFF] 0-0 O	10----0010100--
13 [OFF] 1-0 O	10----0010100--
14 [OFF] 1-0 O	10----0010100--

3 => 4
 5  0-1 I	10---0001010000    11---0001010000
 5  1-1 O	11---0001010000    11---1101000000
 6  0-1 I	10---0001010000    11---0001010000
 6  1-1 O	11---0001010000    11---1101000000
 7  0-0 I	10---0001010000    11---0001010000
 7  0-0 O	11---0001010000    11---1101000000
 8  1-1 I	10---0001010000    11---0001010000
 8  1-1 O	11---0001010000    11---1101000000
 9  0-0 I	10---0001010000    11---0001010000
 9  0-0 O	11---0001010000    11---1101000000
10  1-0 I	10---0001010000    11---0001010000
10  0-0 O	11---0001010000    11---1101000000
11  0-0 I	10---0001010000    11---0001010000
11  0-0 O	11---0001010000    11---1101000000
12  0-0 I	10---0001010000    11---0001010000
12  0-0 O	11---0001010000    11---1101000000
13  0-0 I	10---0001010000    11---0001010000
13  0-0 O	11---0001010000    11---1101000000
14  0-0 I	10---0001010000    11---0001010000
14  0-0 O	11---0001010000    11---1101000000

   InitIO    	10---0001010000   [1000-0001010000]
   After Cond	10---0001010000   [1000-0001010000]
   After IB  	11---0001010000
   After EOB 	11---1101000000
   NextIO    	11---1101000000
 5 [ON]  0-1 O	11-----010-0000
   [PRV]	11---0001010000   [111100001010000]
   [PRV]	11---0001010000   [111110001010000]
 6 [ON]  0-1 O	11-----010-0000
   [PRV]	11---0001010000   [111100001010000]
   [PRV]	11---0001010000   [111110001010000]
 8 [ON]  1-1 I	1----0001010000
 8 [ON]  1-1 O	11-----010-0000
 7 [OFF] 0-0 I	1----0001010000
 7 [OFF] 0-0 O	11-----010-0000
 9 [OFF] 0-0 I	1----0001010000
 9 [OFF] 0-0 O	11-----010-0000
10 [OFF] 1-0 O	11-----010-0000
11 [OFF] 0-0 I	1----0001010000
11 [OFF] 0-0 O	11-----010-0000
12 [OFF] 0-0 I	1----0001010000
12 [OFF] 0-0 O	11-----010-0000
13 [OFF] 0-0 I	1----0001010000
13 [OFF] 0-0 O	11-----010-0000
14 [OFF] 0-0 I	1----0001010000
14 [OFF] 0-0 O	11-----010-0000

4 => 5
 5  1-0 I	11---1101000000    1011-1101000000
 5  0-0 O	1011-1101000000    1011-0100000000
 6  1-1 I	11---1101000000    1011-1101000000
 6  1-1 O	1011-1101000000    1011-0100000000
 7  0-0 I	11---1101000000    1011-1101000000
 7  0-0 O	1011-1101000000    1011-0100000000
 8  1-0 I	11---1101000000    1011-1101000000
 8  0-0 O	1011-1101000000    1011-0100000000
 9  0-0 I	11---1101000000    1011-1101000000
 9  0-0 O	1011-1101000000    1011-0100000000
10  0-0 I	11---1101000000    1011-1101000000
10  0-0 O	1011-1101000000    1011-0100000000
11  0-0 I	11---1101000000    1011-1101000000
11  0-0 O	1011-1101000000    1011-0100000000
12  0-0 I	11---1101000000    1011-1101000000
12  0-0 O	1011-1101000000    1011-0100000000
13  0-0 I	11---1101000000    1011-1101000000
13  0-0 O	1011-1101000000    1011-0100000000
14  0-0 I	11---1101000000    1011-1101000000
14  0-0 O	1011-1101000000    1011-0100000000

   InitIO    	11---1101000000   [1100-1101000000]
   After Cond	11---1101000000   [1100-1101000000]
   After IB  	1011-1101000000
   After EOB 	1011-0100000000
   NextIO    	1011-0100000000
 5 [ON]  1-0 I	11---1101000000
   [PRV]	11---1101000000   [110001101000000]
   [PRV]	11---1101000000   [110011101000000]
 5 [ON]  1-0 I	1-0--1101000000
   [PRV]	1-0--1101000000   [110001101000000]
   [PRV]	1-0--1101000000   [110011101000000]
 5 [ON]  1-0 I	1--0-1101000000
   [PRV]	1--0-1101000000   [110001101000000]
   [PRV]	1--0-1101000000   [110011101000000]
 6 [ON]  1-1 I	1----1101000000
 6 [ON]  1-1 O	1011--10-000000
 8 [ON]  1-0 I	11---1101000000
   [PRV]	11---1101000000   [110001101000000]
   [PRV]	11---1101000000   [110011101000000]
 8 [ON]  1-0 I	1-0--1101000000
   [PRV]	1-0--1101000000   [110001101000000]
   [PRV]	1-0--1101000000   [110011101000000]
 8 [ON]  1-0 I	1--0-1101000000
   [PRV]	1--0-1101000000   [110001101000000]
   [PRV]	1--0-1101000000   [110011101000000]
 5 [OFF] 1-0 O	1011--10-000000
 7 [OFF] 0-0 I	1----1101000000
 7 [OFF] 0-0 O	1011--10-000000
 8 [OFF] 1-0 O	1011--10-000000
 9 [OFF] 0-0 I	1----1101000000
 9 [OFF] 0-0 O	1011--10-000000
10 [OFF] 0-0 I	1----1101000000
10 [OFF] 0-0 O	1011--10-000000
11 [OFF] 0-0 I	1----1101000000
11 [OFF] 0-0 O	1011--10-000000
12 [OFF] 0-0 I	1----1101000000
12 [OFF] 0-0 O	1011--10-000000
13 [OFF] 0-0 I	1----1101000000
13 [OFF] 0-0 O	1011--10-000000
14 [OFF] 0-0 I	1----1101000000
14 [OFF] 0-0 O	1011--10-000000

5 => 6
 5  0-0 I	101100100000000    11--00100000000
 5  0-1 O	11--00100000000    11--00100000011
 5  1-1 L	11--00100000011    11---1100011011
 6  1-1 I	101100100000000    11--00100000000
 6  1-1 O	11--00100000000    11--00100000011
 6  1-1 L	11--00100000011    11---1100011011
 7  0-0 I	101100100000000    11--00100000000
 7  0-0 O	11--00100000000    11--00100000011
 7  0-0 L	11--00100000011    11---1100011011
 8  0-0 I	101100100000000    11--00100000000
 8  0-0 O	11--00100000000    11--00100000011
 8  0-0 L	11--00100000011    11---1100011011
 9  0-0 I	101100100000000    11--00100000000
 9  0-0 O	11--00100000000    11--00100000011
 9  0-0 L	11--00100000011    11---1100011011
10  0-0 I	101100100000000    11--00100000000
10  0-1 O	11--00100000000    11--00100000011
10  1-1 L	11--00100000011    11---1100011011
11  0-0 I	101100100000000    11--00100000000
11  0-1 O	11--00100000000    11--00100000011
11  1-1 L	11--00100000011    11---1100011011
12  0-0 I	101100100000000    11--00100000000
12  0-0 O	11--00100000000    11--00100000011
12  0-0 L	11--00100000011    11---1100011011
13  0-1 I	101100100000000    11--00100000000
13  1-1 O	11--00100000000    11--00100000011
13  1-1 L	11--00100000011    11---1100011011
14  0-1 I	101100100000000    11--00100000000
14  1-1 O	11--00100000000    11--00100000011
14  1-1 L	11--00100000011    11---1100011011

   InitIO    	1011-0100000000   [1011-0100000000]
   After Cond	101100100000000   [101100100000000]
   After IB  	11--00100000000
   After EOB 	11--00100000011
   NextIO    	11---1100011011
 5 [ON]  0-1 L	11----1000--011
   [PRV]	11--00100000011   [110000100000011]
 6 [ON]  1-1 I	1---00100000000
 6 [ON]  1-1 O	11--001000000--
 6 [ON]  1-1 L	11----1000--011
10 [ON]  0-1 L	11----1000--011
   [PRV]	11--00100000011   [110000100000011]
11 [ON]  0-1 L	11----1000--011
   [PRV]	11--00100000011   [110000100000011]
13 [ON]  0-1 O	11--001000000--
   [PRV]	11--00100000000   [110000100000000]
13 [ON]  0-1 L	11----1000--011
14 [ON]  0-1 O	11--001000000--
   [PRV]	11--00100000000   [110000100000000]
14 [ON]  0-1 L	11----1000--011
 5 [OFF] 0-1 I	1---00100000000
 5 [OFF] 0-1 O	11--0010000000-
 5 [OFF] 0-1 O	11--001000000-0
 7 [OFF] 0-0 I	1---00100000000
 7 [OFF] 0-0 O	11--001000000--
 7 [OFF] 0-0 L	11----1000--011
 8 [OFF] 0-0 I	1---00100000000
 8 [OFF] 0-0 O	11--001000000--
 8 [OFF] 0-0 L	11----1000--011
 9 [OFF] 0-0 I	1---00100000000
 9 [OFF] 0-0 O	11--001000000--
 9 [OFF] 0-0 L	11----1000--011
10 [OFF] 0-1 I	1---00100000000
10 [OFF] 0-1 O	11--0010000000-
10 [OFF] 0-1 O	11--001000000-0
11 [OFF] 0-1 I	1---00100000000
11 [OFF] 0-1 O	11--0010000000-
11 [OFF] 0-1 O	11--001000000-0
12 [OFF] 0-0 I	1---00100000000
12 [OFF] 0-0 O	11--001000000--
12 [OFF] 0-0 L	11----1000--011
13 [OFF] 0-1 I	10--00100000000
14 [OFF] 0-1 I	10--00100000000

5 => 9
 5  0-0 I	101110100000000    11--10100000000
 5  0-1 O	11--10100000000    11--10100000110
 5  1-1 L	11--10100000110    11---1100001110
 6  1-1 I	101110100000000    11--10100000000
 6  1-1 O	11--10100000000    11--10100000110
 6  1-1 L	11--10100000110    11---1100001110
 7  0-0 I	101110100000000    11--10100000000
 7  0-0 O	11--10100000000    11--10100000110
 7  0-0 L	11--10100000110    11---1100001110
 8  0-0 I	101110100000000    11--10100000000
 8  0-0 O	11--10100000000    11--10100000110
 8  0-0 L	11--10100000110    11---1100001110
 9  0-0 I	101110100000000    11--10100000000
 9  0-0 O	11--10100000000    11--10100000110
 9  0-0 L	11--10100000110    11---1100001110
10  0-0 I	101110100000000    11--10100000000
10  0-0 O	11--10100000000    11--10100000110
10  0-0 L	11--10100000110    11---1100001110
11  0-0 I	101110100000000    11--10100000000
11  0-1 O	11--10100000000    11--10100000110
11  1-1 L	11--10100000110    11---1100001110
12  0-1 I	101110100000000    11--10100000000
12  1-1 O	11--10100000000    11--10100000110
12  1-1 L	11--10100000110    11---1100001110
13  0-1 I	101110100000000    11--10100000000
13  1-1 O	11--10100000000    11--10100000110
13  1-1 L	11--10100000110    11---1100001110
14  0-0 I	101110100000000    11--10100000000
14  0-0 O	11--10100000000    11--10100000110
14  0-0 L	11--10100000110    11---1100001110

   InitIO    	1011-0100000000   [1011-0100000000]
   After Cond	101110100000000   [101110100000000]
   After IB  	11--10100000000
   After EOB 	11--10100000110
   NextIO    	11---1100001110
 5 [ON]  0-1 L	11----10000-110
   [PRV]	11--10100000110   [110010100000110]
 6 [ON]  1-1 I	1---10100000000
 6 [ON]  1-1 O	11--10100000--0
 6 [ON]  1-1 L	11----10000-110
11 [ON]  0-1 L	11----10000-110
   [PRV]	11--10100000110   [110010100000110]
12 [ON]  0-1 O	11--10100000--0
   [PRV]	11--10100000000   [110010100000000]
12 [ON]  0-1 L	11----10000-110
13 [ON]  0-1 O	11--10100000--0
   [PRV]	11--10100000000   [110010100000000]
13 [ON]  0-1 L	11----10000-110
 5 [OFF] 0-1 I	1---10100000000
 5 [OFF] 0-1 O	11--101000000-0
 5 [OFF] 0-1 O	11--10100000-00
 7 [OFF] 0-0 I	1---10100000000
 7 [OFF] 0-0 O	11--10100000--0
 7 [OFF] 0-0 L	11----10000-110
 8 [OFF] 0-0 I	1---10100000000
 8 [OFF] 0-0 O	11--10100000--0
 8 [OFF] 0-0 L	11----10000-110
 9 [OFF] 0-0 I	1---10100000000
 9 [OFF] 0-0 O	11--10100000--0
 9 [OFF] 0-0 L	11----10000-110
10 [OFF] 0-0 I	1---10100000000
10 [OFF] 0-0 O	11--10100000--0
10 [OFF] 0-0 L	11----10000-110
11 [OFF] 0-1 I	1---10100000000
11 [OFF] 0-1 O	11--101000000-0
11 [OFF] 0-1 O	11--10100000-00
12 [OFF] 0-1 I	10--10100000000
13 [OFF] 0-1 I	10--10100000000
14 [OFF] 0-0 I	1---10100000000
14 [OFF] 0-0 O	11--10100000--0
14 [OFF] 0-0 L	11----10000-110

6 => 7
 5  1-0 I	11---1100011011    10---1100011011
 5  0-0 O	10---1100011011    10---0000011110
 6  1-0 I	11---1100011011    10---1100011011
 6  0-0 O	10---1100011011    10---0000011110
 7  0-0 I	11---1100011011    10---1100011011
 7  0-0 O	10---1100011011    10---0000011110
 8  0-0 I	11---1100011011    10---1100011011
 8  0-0 O	10---1100011011    10---0000011110
 9  0-0 I	11---1100011011    10---1100011011
 9  0-0 O	10---1100011011    10---0000011110
10  1-1 I	11---1100011011    10---1100011011
10  1-1 O	10---1100011011    10---0000011110
11  1-1 I	11---1100011011    10---1100011011
11  1-1 O	10---1100011011    10---0000011110
12  0-1 I	11---1100011011    10---1100011011
12  1-1 O	10---1100011011    10---0000011110
13  1-1 I	11---1100011011    10---1100011011
13  1-1 O	10---1100011011    10---0000011110
14  1-0 I	11---1100011011    10---1100011011
14  0-0 O	10---1100011011    10---0000011110

   InitIO    	11---1100011011   [111101100011011]
   After Cond	11---1100011011   [111101100011011]
   After IB  	10---1100011011
   After EOB 	10---0000011110
   NextIO    	10---0000011110
10 [ON]  1-1 I	1----1100011011
10 [ON]  1-1 O	10-----00011-1-
11 [ON]  1-1 I	1----1100011011
11 [ON]  1-1 O	10-----00011-1-
12 [ON]  0-1 O	10-----00011-1-
   [PRV]	10---1100011011   [100001100011011]
   [PRV]	10---1100011011   [100011100011011]
13 [ON]  1-1 I	1----1100011011
13 [ON]  1-1 O	10-----00011-1-
 5 [OFF] 1-0 O	10-----00011-1-
 6 [OFF] 1-0 O	10-----00011-1-
 7 [OFF] 0-0 I	1----1100011011
 7 [OFF] 0-0 O	10-----00011-1-
 8 [OFF] 0-0 I	1----1100011011
 8 [OFF] 0-0 O	10-----00011-1-
 9 [OFF] 0-0 I	1----1100011011
 9 [OFF] 0-0 O	10-----00011-1-
14 [OFF] 1-0 O	10-----00011-1-

7 => 8
 5  0-1 I	10---0000011110    1100-0000011110
 5  1-1 O	1100-0000011110    1100-1011010110
 6  0-0 I	10---0000011110    1100-0000011110
 6  0-0 O	1100-0000011110    1100-1011010110
 7  0-1 I	10---0000011110    1100-0000011110
 7  1-1 O	1100-0000011110    1100-1011010110
 8  0-1 I	10---0000011110    1100-0000011110
 8  1-1 O	1100-0000011110    1100-1011010110
 9  0-0 I	10---0000011110    1100-0000011110
 9  0-0 O	1100-0000011110    1100-1011010110
10  1-1 I	10---0000011110    1100-0000011110
10  1-1 O	1100-0000011110    1100-1011010110
11  1-0 I	10---0000011110    1100-0000011110
11  0-0 O	1100-0000011110    1100-1011010110
12  1-1 I	10---0000011110    1100-0000011110
12  1-1 O	1100-0000011110    1100-1011010110
13  1-1 I	10---0000011110    1100-0000011110
13  1-1 O	1100-0000011110    1100-1011010110
14  0-0 I	10---0000011110    1100-0000011110
14  0-0 O	1100-0000011110    1100-1011010110

   InitIO    	10---0000011110   [1011-0000011110]
   After Cond	10---0000011110   [1011-0000011110]
   After IB  	1100-0000011110
   After EOB 	1100-1011010110
   NextIO    	1100-1011010110
 5 [ON]  0-1 O	1100--0--01-110
   [PRV]	1100-0000011110   [110000000011110]
   [PRV]	1100-0000011110   [110010000011110]
 7 [ON]  0-1 O	1100--0--01-110
   [PRV]	1100-0000011110   [110000000011110]
   [PRV]	1100-0000011110   [110010000011110]
 8 [ON]  0-1 O	1100--0--01-110
   [PRV]	1100-0000011110   [110000000011110]
   [PRV]	1100-0000011110   [110010000011110]
10 [ON]  1-1 I	1----0000011110
10 [ON]  1-1 O	1100--0--01-110
11 [ON]  1-0 I	10---0000011110
   [PRV]	10---0000011110   [101100000011110]
   [PRV]	10---0000011110   [101110000011110]
11 [ON]  1-0 I	1-1--0000011110
   [PRV]	1-1--0000011110   [101100000011110]
   [PRV]	1-1--0000011110   [101110000011110]
11 [ON]  1-0 I	1--1-0000011110
   [PRV]	1--1-0000011110   [101100000011110]
   [PRV]	1--1-0000011110   [101110000011110]
12 [ON]  1-1 I	1----0000011110
12 [ON]  1-1 O	1100--0--01-110
13 [ON]  1-1 I	1----0000011110
13 [ON]  1-1 O	1100--0--01-110
 5 [OFF] 0-1 I	10---0000011110
 5 [OFF] 0-1 I	1-1--0000011110
 5 [OFF] 0-1 I	1--1-0000011110
 6 [OFF] 0-0 I	1----0000011110
 6 [OFF] 0-0 O	1100--0--01-110
 7 [OFF] 0-1 I	10---0000011110
 7 [OFF] 0-1 I	1-1--0000011110
 7 [OFF] 0-1 I	1--1-0000011110
 8 [OFF] 0-1 I	10---0000011110
 8 [OFF] 0-1 I	1-1--0000011110
 8 [OFF] 0-1 I	1--1-0000011110
 9 [OFF] 0-0 I	1----0000011110
 9 [OFF] 0-0 O	1100--0--01-110
11 [OFF] 1-0 O	1100--0--01-110
14 [OFF] 0-0 I	1----0000011110
14 [OFF] 0-0 O	1100--0--01-110

8 => 3
 5  1-0 I	1100-1011010110    10---1011010110
 5  0-0 O	10---1011010110    10---0001010000
 6  0-0 I	1100-1011010110    10---1011010110
 6  0-0 O	10---1011010110    10---0001010000
 7  1-0 I	1100-1011010110    10---1011010110
 7  0-0 O	10---1011010110    10---0001010000
 8  1-1 I	1100-1011010110    10---1011010110
 8  1-1 O	10---1011010110    10---0001010000
 9  0-0 I	1100-1011010110    10---1011010110
 9  0-0 O	10---1011010110    10---0001010000
10  1-1 I	1100-1011010110    10---1011010110
10  1-1 O	10---1011010110    10---0001010000
11  0-0 I	1100-1011010110    10---1011010110
11  0-0 O	10---1011010110    10---0001010000
12  1-0 I	1100-1011010110    10---1011010110
12  0-0 O	10---1011010110    10---0001010000
13  1-0 I	1100-1011010110    10---1011010110
13  0-0 O	10---1011010110    10---0001010000
14  0-0 I	1100-1011010110    10---1011010110
14  0-0 O	10---1011010110    10---0001010000

   InitIO    	1100-1011010110   [1100-1011010110]
   After Cond	1100-1011010110   [1100-1011010110]
   After IB  	10---1011010110
   After EOB 	10---0001010000
   NextIO    	10---0001010000
 5 [ON]  1-0 I	11---1011010110
   [PRV]	11---1011010110   [110001011010110]
   [PRV]	11---1011010110   [110011011010110]
 7 [ON]  1-0 I	11---1011010110
   [PRV]	11---1011010110   [110001011010110]
   [PRV]	11---1011010110   [110011011010110]
 8 [ON]  1-1 I	1----1011010110
 8 [ON]  1-1 O	10----0-1010--0
10 [ON]  1-1 I	1----1011010110
10 [ON]  1-1 O	10----0-1010--0
12 [ON]  1-0 I	11---1011010110
   [PRV]	11---1011010110   [110001011010110]
   [PRV]	11---1011010110   [110011011010110]
13 [ON]  1-0 I	11---1011010110
   [PRV]	11---1011010110   [110001011010110]
   [PRV]	11---1011010110   [110011011010110]
 5 [OFF] 1-0 O	10----0-1010--0
 6 [OFF] 0-0 I	1----1011010110
 6 [OFF] 0-0 O	10----0-1010--0
 7 [OFF] 1-0 O	10----0-1010--0
 9 [OFF] 0-0 I	1----1011010110
 9 [OFF] 0-0 O	10----0-1010--0
11 [OFF] 0-0 I	1----1011010110
11 [OFF] 0-0 O	10----0-1010--0
12 [OFF] 1-0 O	10----0-1010--0
13 [OFF] 1-0 O	10----0-1010--0
14 [OFF] 0-0 I	1----1011010110
14 [OFF] 0-0 O	10----0-1010--0

9 => 10
 5  1-0 I	11---1100001110    10---1100001110
 5  0-0 O	10---1100001110    10---0000001110
 6  1-0 I	11---1100001110    10---1100001110
 6  0-0 O	10---1100001110    10---0000001110
 7  0-0 I	11---1100001110    10---1100001110
 7  0-0 O	10---1100001110    10---0000001110
 8  0-0 I	11---1100001110    10---1100001110
 8  0-0 O	10---1100001110    10---0000001110
 9  0-0 I	11---1100001110    10---1100001110
 9  0-0 O	10---1100001110    10---0000001110
10  0-0 I	11---1100001110    10---1100001110
10  0-0 O	10---1100001110    10---0000001110
11  1-1 I	11---1100001110    10---1100001110
11  1-1 O	10---1100001110    10---0000001110
12  1-1 I	11---1100001110    10---1100001110
12  1-1 O	10---1100001110    10---0000001110
13  1-1 I	11---1100001110    10---1100001110
13  1-1 O	10---1100001110    10---0000001110
14  0-0 I	11---1100001110    10---1100001110
14  0-0 O	10---1100001110    10---0000001110

   InitIO    	11---1100001110   [111111100001110]
   After Cond	11---1100001110   [111111100001110]
   After IB  	10---1100001110
   After EOB 	10---0000001110
   NextIO    	10---0000001110
11 [ON]  1-1 I	1----1100001110
11 [ON]  1-1 O	10-----00001110
12 [ON]  1-1 I	1----1100001110
12 [ON]  1-1 O	10-----00001110
13 [ON]  1-1 I	1----1100001110
13 [ON]  1-1 O	10-----00001110
 5 [OFF] 1-0 O	10-----00001110
 6 [OFF] 1-0 O	10-----00001110
 7 [OFF] 0-0 I	1----1100001110
 7 [OFF] 0-0 O	10-----00001110
 8 [OFF] 0-0 I	1----1100001110
 8 [OFF] 0-0 O	10-----00001110
 9 [OFF] 0-0 I	1----1100001110
 9 [OFF] 0-0 O	10-----00001110
10 [OFF] 0-0 I	1----1100001110
10 [OFF] 0-0 O	10-----00001110
14 [OFF] 0-0 I	1----1100001110
14 [OFF] 0-0 O	10-----00001110

10 => 11
 5  0-1 I	10---0000001110    1100-0000001110
 5  1-1 O	1100-0000001110    1100-1010000110
 6  0-0 I	10---0000001110    1100-0000001110
 6  0-0 O	1100-0000001110    1100-1010000110
 7  0-1 I	10---0000001110    1100-0000001110
 7  1-1 O	1100-0000001110    1100-1010000110
 8  0-0 I	10---0000001110    1100-0000001110
 8  0-0 O	1100-0000001110    1100-1010000110
 9  0-0 I	10---0000001110    1100-0000001110
 9  0-0 O	1100-0000001110    1100-1010000110
10  0-0 I	10---0000001110    1100-0000001110
10  0-0 O	1100-0000001110    1100-1010000110
11  1-0 I	10---0000001110    1100-0000001110
11  0-0 O	1100-0000001110    1100-1010000110
12  1-1 I	10---0000001110    1100-0000001110
12  1-1 O	1100-0000001110    1100-1010000110
13  1-1 I	10---0000001110    1100-0000001110
13  1-1 O	1100-0000001110    1100-1010000110
14  0-0 I	10---0000001110    1100-0000001110
14  0-0 O	1100-0000001110    1100-1010000110

   InitIO    	10---0000001110   [1011-0000001110]
   After Cond	10---0000001110   [1011-0000001110]
   After IB  	1100-0000001110
   After EOB 	1100-1010000110
   NextIO    	1100-1010000110
 5 [ON]  0-1 O	1100--0-000-110
   [PRV]	1100-0000001110   [110000000001110]
   [PRV]	1100-0000001110   [110010000001110]
 7 [ON]  0-1 O	1100--0-000-110
   [PRV]	1100-0000001110   [110000000001110]
   [PRV]	1100-0000001110   [110010000001110]
11 [ON]  1-0 I	10---0000001110
   [PRV]	10---0000001110   [101100000001110]
   [PRV]	10---0000001110   [101110000001110]
11 [ON]  1-0 I	1-1--0000001110
   [PRV]	1-1--0000001110   [101100000001110]
   [PRV]	1-1--0000001110   [101110000001110]
11 [ON]  1-0 I	1--1-0000001110
   [PRV]	1--1-0000001110   [101100000001110]
   [PRV]	1--1-0000001110   [101110000001110]
12 [ON]  1-1 I	1----0000001110
12 [ON]  1-1 O	1100--0-000-110
13 [ON]  1-1 I	1----0000001110
13 [ON]  1-1 O	1100--0-000-110
 5 [OFF] 0-1 I	10---0000001110
 5 [OFF] 0-1 I	1-1--0000001110
 5 [OFF] 0-1 I	1--1-0000001110
 6 [OFF] 0-0 I	1----0000001110
 6 [OFF] 0-0 O	1100--0-000-110
 7 [OFF] 0-1 I	10---0000001110
 7 [OFF] 0-1 I	1-1--0000001110
 7 [OFF] 0-1 I	1--1-0000001110
 8 [OFF] 0-0 I	1----0000001110
 8 [OFF] 0-0 O	1100--0-000-110
 9 [OFF] 0-0 I	1----0000001110
 9 [OFF] 0-0 O	1100--0-000-110
10 [OFF] 0-0 I	1----0000001110
10 [OFF] 0-0 O	1100--0-000-110
11 [OFF] 1-0 O	1100--0-000-110
14 [OFF] 0-0 I	1----0000001110
14 [OFF] 0-0 O	1100--0-000-110

11 => 13
 5  1-1 I	1100-1010000110    1000-1010000110
 5  1-1 O	1000-1010000110    1000-1000100011
 6  0-0 I	1100-1010000110    1000-1010000110
 6  0-0 O	1000-1010000110    1000-1000100011
 7  1-0 I	1100-1010000110    1000-1010000110
 7  0-0 O	1000-1010000110    1000-1000100011
 8  0-0 I	1100-1010000110    1000-1010000110
 8  0-0 O	1000-1010000110    1000-1000100011
 9  0-1 I	1100-1010000110    1000-1010000110
 9  1-1 O	1000-1010000110    1000-1000100011
10  0-0 I	1100-1010000110    1000-1010000110
10  0-0 O	1000-1010000110    1000-1000100011
11  0-0 I	1100-1010000110    1000-1010000110
11  0-0 O	1000-1010000110    1000-1000100011
12  1-0 I	1100-1010000110    1000-1010000110
12  0-0 O	1000-1010000110    1000-1000100011
13  1-1 I	1100-1010000110    1000-1010000110
13  1-1 O	1000-1010000110    1000-1000100011
14  0-1 I	1100-1010000110    1000-1010000110
14  1-1 O	1000-1010000110    1000-1000100011

   InitIO    	1100-1010000110   [1100-1010000110]
   After Cond	1100-1010000110   [1100-1010000110]
   After IB  	1000-1010000110
   After EOB 	1000-1000100011
   NextIO    	1000-1000100011
 5 [ON]  1-1 I	1-00-1010000110
 5 [ON]  1-1 O	1000-10-0-00-1-
 9 [ON]  0-1 O	1000-10-0-00-1-
   [PRV]	1000-1010000110   [100001010000110]
   [PRV]	1000-1010000110   [100011010000110]
13 [ON]  1-1 I	1-00-1010000110
13 [ON]  1-1 O	1000-10-0-00-1-
14 [ON]  0-1 O	1000-10-0-00-1-
   [PRV]	1000-1010000110   [100001010000110]
   [PRV]	1000-1010000110   [100011010000110]
 6 [OFF] 0-0 I	1-00-1010000110
 6 [OFF] 0-0 O	1000-10-0-00-1-
 7 [OFF] 1-0 O	1000-10-0-00-1-
 8 [OFF] 0-0 I	1-00-1010000110
 8 [OFF] 0-0 O	1000-10-0-00-1-
10 [OFF] 0-0 I	1-00-1010000110
10 [OFF] 0-0 O	1000-10-0-00-1-
11 [OFF] 0-0 I	1-00-1010000110
11 [OFF] 0-0 O	1000-10-0-00-1-
12 [OFF] 1-0 O	1000-10-0-00-1-

13 => 0
 5  1-1 I	1000-1000100011    0000-1000100011
 5  1-1 O	0000-1000100011    0000-1000000000
 6  0-0 I	1000-1000100011    0000-1000100011
 6  0-0 O	0000-1000100011    0000-1000000000
 7  0-0 I	1000-1000100011    0000-1000100011
 7  0-0 O	0000-1000100011    0000-1000000000
 8  0-0 I	1000-1000100011    0000-1000100011
 8  0-0 O	0000-1000100011    0000-1000000000
 9  1-0 I	1000-1000100011    0000-1000100011
 9  0-0 O	0000-1000100011    0000-1000000000
10  0-0 I	1000-1000100011    0000-1000100011
10  0-0 O	0000-1000100011    0000-1000000000
11  0-0 I	1000-1000100011    0000-1000100011
11  0-0 O	0000-1000100011    0000-1000000000
12  0-0 I	1000-1000100011    0000-1000100011
12  0-0 O	0000-1000100011    0000-1000000000
13  1-0 I	1000-1000100011    0000-1000100011
13  0-0 O	0000-1000100011    0000-1000000000
14  1-0 I	1000-1000100011    0000-1000100011
14  0-0 O	0000-1000100011    0000-1000000000

   InitIO    	1000-1000100011   [1000-1000100011]
   After Cond	1000-1000100011   [1000-1000100011]
   After IB  	0000-1000100011
   After EOB 	0000-1000000000
   NextIO    	0000-1000000000
 5 [ON]  1-1 I	-000-1000100011
 5 [ON]  1-1 O	0000-1000-000--
 6 [OFF] 0-0 I	-000-1000100011
 6 [OFF] 0-0 O	0000-1000-000--
 7 [OFF] 0-0 I	-000-1000100011
 7 [OFF] 0-0 O	0000-1000-000--
 8 [OFF] 0-0 I	-000-1000100011
 8 [OFF] 0-0 O	0000-1000-000--
 9 [OFF] 1-0 O	0000-1000-000--
10 [OFF] 0-0 I	-000-1000100011
10 [OFF] 0-0 O	0000-1000-000--
11 [OFF] 0-0 I	-000-1000100011
11 [OFF] 0-0 O	0000-1000-000--
12 [OFF] 0-0 I	-000-1000100011
12 [OFF] 0-0 O	0000-1000-000--
13 [OFF] 1-0 O	0000-1000-000--
14 [OFF] 1-0 O	0000-1000-000--

12 => 13
 5  1-1 I	1100-1000000101    1000-1000000101
 5  1-1 O	1000-1000000101    1000-1000100011
 6  0-0 I	1100-1000000101    1000-1000000101
 6  0-0 O	1000-1000000101    1000-1000100011
 7  0-0 I	1100-1000000101    1000-1000000101
 7  0-0 O	1000-1000000101    1000-1000100011
 8  0-0 I	1100-1000000101    1000-1000000101
 8  0-0 O	1000-1000000101    1000-1000100011
 9  0-1 I	1100-1000000101    1000-1000000101
 9  1-1 O	1000-1000000101    1000-1000100011
10  0-0 I	1100-1000000101    1000-1000000101
10  0-0 O	1000-1000000101    1000-1000100011
11  0-0 I	1100-1000000101    1000-1000000101
11  0-0 O	1000-1000000101    1000-1000100011
12  1-0 I	1100-1000000101    1000-1000000101
12  0-0 O	1000-1000000101    1000-1000100011
13  0-1 I	1100-1000000101    1000-1000000101
13  1-1 O	1000-1000000101    1000-1000100011
14  1-1 I	1100-1000000101    1000-1000000101
14  1-1 O	1000-1000000101    1000-1000100011

   InitIO    	1100-1000000101   [110011000000101]
   After Cond	1100-1000000101   [110011000000101]
   After IB  	1000-1000000101
   After EOB 	1000-1000100011
   NextIO    	1000-1000100011
 5 [ON]  1-1 I	1-00-1000000101
 5 [ON]  1-1 O	1000-1000-00--1
 9 [ON]  0-1 O	1000-1000-00--1
   [PRV]	1000-1000000101   [100001000000101]
   [PRV]	1000-1000000101   [100011000000101]
13 [ON]  0-1 O	1000-1000-00--1
   [PRV]	1000-1000000101   [100001000000101]
   [PRV]	1000-1000000101   [100011000000101]
14 [ON]  1-1 I	1-00-1000000101
14 [ON]  1-1 O	1000-1000-00--1
 6 [OFF] 0-0 I	1-00-1000000101
 6 [OFF] 0-0 O	1000-1000-00--1
 7 [OFF] 0-0 I	1-00-1000000101
 7 [OFF] 0-0 O	1000-1000-00--1
 8 [OFF] 0-0 I	1-00-1000000101
 8 [OFF] 0-0 O	1000-1000-00--1
10 [OFF] 0-0 I	1-00-1000000101
10 [OFF] 0-0 O	1000-1000-00--1
11 [OFF] 0-0 I	1-00-1000000101
11 [OFF] 0-0 O	1000-1000-00--1
12 [OFF] 1-0 O	1000-1000-00--1

* Inputs *
start
EvDone
M1A
M2A2
C
Prech
LX
LY
A2M
EndP
seldx
selym2
zzz00
zzz01
zzz02

* Output <Prech> On-Set *
1100--00-0-0011
1100--000000101
11---1001010011
11-----010-0000
11---1101000000
1-0--1101000000
1--0-1101000000
11----1000--011
11----10000-110
1100--0--01-110
11---1011010110
1100--0-000-110
1-00-1010000110
1000-10-0-00-1-
-000-1000100011
0000-1000-000--
1-00-1000000101
1000-1000-00--1

* Output <Prech> Off-Set *
1000--000000000
1-0000000000000
11000000000000-
1100000000000-0
1-0010000000000
11001000000000-
110010000000-00
10----0010100--
1011--10-000000
1---00100000000
11--0010000000-
11--001000000-0
1---10100000000
11--101000000-0
11--10100000-00
10-----00011-1-
10---0000011110
1-1--0000011110
1--1-0000011110
10----0-1010--0
10-----00001110
10---0000001110
1-1--0000001110
1--1-0000001110

* Output <LX> On-Set *
11-----010-0000
1----1101000000
1011--10-000000
1---00100000000
11--001000000--
11----1000--011
1---10100000000
11--10100000--0
11----10000-110

* Output <LX> Off-Set *
-000-1000000000
1000--000000000
1-0000000000000
1100000000000--
1100--00-0-0011
1-0010000000000
110010000000-0-
1100--000000101
1----1001010011
10----0010100--
10-----00011-1-
1----0000011110
1100--0--01-110
1----1011010110
10----0-1010--0
10-----00001110
1----0000001110
1100--0-000-110
1-00-1010000110
1000-10-0-00-1-
-000-1000100011
0000-1000-000--
1-00-1000000101
1000-1000-00--1

* Output <LY> On-Set *
1100--0--01-110
11---1011010110
1100--0-000-110

* Output <LY> Off-Set *
-000-1000000000
1000--000000000
1-0000000000000
1100000000000--
1100--00-0-0011
1-0010000000000
110010000000-0-
1100--000000101
1----1001010011
10----0010100--
1----0001010000
11-----010-0000
1----1101000000
1011--10-000000
1---00100000000
11--001000000--
11----1000--011
1---10100000000
11--10100000--0
11----10000-110
1----1100011011
10-----00011-1-
10---0000011110
1-1--0000011110
1--1-0000011110
10----0-1010--0
1----1100001110
10-----00001110
10---0000001110
1-1--0000001110
1--1-0000001110
1000-10-0-00-1-
-000-1000100011
0000-1000-000--
1-00-1000000101
1000-1000-00--1

* Output <A2M> On-Set *
1100--00-0-0011
1----1001010011
10----0010100--
1----0001010000
11-----010-0000
11---1101000000
1-0--1101000000
1--0-1101000000
1100--0--01-110
1----1011010110
10----0-1010--0

* Output <A2M> Off-Set *
-000-1000000000
1000--000000000
1-0000000000000
11000000000000-
1100000000000-0
1-0010000000000
110010000000-0-
1100--000000101
1011--10-000000
1---00100000000
11--001000000--
11----1000--011
1---10100000000
11--10100000--0
11----10000-110
1----1100011011
10-----00011-1-
10---0000011110
1-1--0000011110
1--1-0000011110
1----1100001110
10-----00001110
1----0000001110
1100--0-000-110
1-00-1010000110
1000-10-0-00-1-
-000-1000100011
0000-1000-000--
1-00-1000000101
1000-1000-00--1

* Output <EndP> On-Set *
1000-10-0-00-1-
1000-1000-00--1

* Output <EndP> Off-Set *
-000-1000000000
1000--000000000
1-0000000000000
1100000000000--
1100--00-0-0011
1-0010000000000
110010000000-0-
1100--000000101
1----1001010011
10----0010100--
1----0001010000
11-----010-0000
1----1101000000
1011--10-000000
1---00100000000
11--001000000--
11----1000--011
1---10100000000
11--10100000--0
11----10000-110
1----1100011011
10-----00011-1-
1----0000011110
1100--0--01-110
1----1011010110
10----0-1010--0
1----1100001110
10-----00001110
1----0000001110
1100--0-000-110
0000-1000-000--

* Output <seldx> On-Set *
1100--00-0-0011
1----1001010011
10----0010100--
11----1000--011
1----1100011011
10-----00011-1-
1----0000011110
1100--0--01-110
1----1011010110
10----0-1010--0

* Output <seldx> Off-Set *
-000-1000000000
1000--000000000
1-0000000000000
11000000000000-
1100000000000-0
1-0010000000000
110010000000-0-
1100--000000101
11-----010-0000
1----1101000000
1011--10-000000
1---00100000000
11--0010000000-
11--001000000-0
1---10100000000
11--10100000--0
11----10000-110
1----1100001110
10-----00001110
1----0000001110
1100--0-000-110
1-00-1010000110
1000-10-0-00-1-
-000-1000100011
0000-1000-000--
1-00-1000000101
1000-1000-00--1

* Output <selym2> On-Set *
11----1000--011
11----10000-110
1----1100011011
10-----00011-1-
10---0000011110
1-1--0000011110
1--1-0000011110
1----1100001110
10-----00001110
10---0000001110
1-1--0000001110
1--1-0000001110

* Output <selym2> Off-Set *
-000-1000000000
1000--000000000
1-0000000000000
1100000000000--
1100--00-0-0011
1-0010000000000
110010000000-0-
1100--000000101
1----1001010011
10----0010100--
1----0001010000
11-----010-0000
1----1101000000
1011--10-000000
1---00100000000
11--0010000000-
11--001000000-0
1---10100000000
11--101000000-0
11--10100000-00
1100--0--01-110
1----1011010110
10----0-1010--0
1100--0-000-110
1-00-1010000110
1000-10-0-00-1-
-000-1000100011
0000-1000-000--
1-00-1000000101
1000-1000-00--1

* Output <zzz00> On-Set *
110010000000-0-
1100--000000101
11--10100000--0
11----10000-110
10-----00011-1-
1----0000011110
1100--0--01-110
11---1011010110
1----1100001110
10-----00001110
1----0000001110
1100--0-000-110

* Output <zzz00> Off-Set *
-000-1000000000
1000--000000000
1-0000000000000
1100000000000--
1100--00-0-0011
1----1001010011
10----0010100--
1----0001010000
11-----010-0000
1----1101000000
1011--10-000000
1---00100000000
11--001000000--
11----1000--011
10--10100000000
10----0-1010--0
1000-10-0-00-1-
-000-1000100011
0000-1000-000--
1000-1000-00--1

* Output <zzz01> On-Set *
1100000000000--
1100--00-0-0011
11---1001010011
11--001000000--
11----1000--011
11--10100000--0
11----10000-110
1----1100011011
10-----00011-1-
1----0000011110
1100--0--01-110
11---1011010110
1----1100001110
10-----00001110
1----0000001110
1100--0-000-110
1-00-1010000110
1000-10-0-00-1-
1000-1000-00--1

* Output <zzz01> Off-Set *
-000-1000000000
1000--000000000
1-0010000000000
110010000000-0-
1100--000000101
10----0010100--
1----0001010000
11-----010-0000
1----1101000000
1011--10-000000
10--00100000000
10--10100000000
10----0-1010--0
0000-1000-000--

* Output <zzz02> On-Set *
1100000000000--
1100--00-0-0011
110010000000-0-
1100--000000101
11---1001010011
11--001000000--
11----1000--011
1000-10-0-00-1-
1-00-1000000101
1000-1000-00--1

* Output <zzz02> Off-Set *
-000-1000000000
1000--000000000
10----0010100--
1----0001010000
11-----010-0000
1----1101000000
1011--10-000000
10--00100000000
1---10100000000
11--10100000--0
11----10000-110
10-----00011-1-
1----0000011110
1100--0--01-110
1----1011010110
10----0-1010--0
1----1100001110
10-----00001110
1----0000001110
1100--0-000-110
0000-1000-000--

* Output <Prech> Rising-Set *
110000000000011
110010000000101
11---0001010000
11--00100000011
11--10100000110
1100-0000011110
1100-0000001110

* Output <Prech> Falling-Set *
1000-1000000000
10---1001010011
1011-1101000000
10---1100011011
10---1011010110
10---1100001110

* Output <LX> Rising-Set *
11---0001010000

* Output <LX> Falling-Set *
10---1100011011
10---1100001110

* Output <LY> Rising-Set *
1100-0000011110
1100-0000001110

* Output <LY> Falling-Set *
10---1011010110
1000-1010000110

* Output <A2M> Rising-Set *
110000000000011
1100-0000011110

* Output <A2M> Falling-Set *
1011-1101000000

* Output <EndP> Rising-Set *
1000-1010000110
1000-1000000101

* Output <EndP> Falling-Set *
0000-1000100011

* Output <seldx> Rising-Set *
110000000000011
11--00100000011

* Output <seldx> Falling-Set *
11---0001010000

* Output <selym2> Rising-Set *
11--00100000011
11--10100000110

* Output <selym2> Falling-Set *
1100-0000011110
1100-0000001110

* Output <zzz00> Rising-Set *
110010000000000
11--10100000000
10---1100011011

* Output <zzz00> Falling-Set *
10---1011010110
1000-1010000110
1000-1000000101

* Output <zzz01> Rising-Set *
110000000000000
11--00100000000
11--10100000000
1000-1000000101

* Output <zzz01> Falling-Set *
10---1001010011
10---1011010110
0000-1000100011

* Output <zzz02> Rising-Set *
110000000000000
110010000000000
11--00100000000
1000-1010000110

* Output <zzz02> Falling-Set *
10---1001010011
10---1100011011
0000-1000100011
