****************************************************************
* 3D Synthesis System Version 3.13 June 13, 1999               *
* Copyright (C) 1992-93 by Kenneth Y. Yun, Stanford University *
*               1994-99 by Kenneth Y. Yun, UC San Diego        *
* All rights reserved                                          *
****************************************************************

3D> stateassign ALU2.nounc ALU2.sym

3D> stateencode ALU2.sym ALU2.enc

3D> backannotate ALU2

3D> logicgen ALU2.unc ALU2.out

3D> formatout ALU2.out

3D> formattrans ALU2.out

3D> HFMIN -L Prech Prech
Merging output PLA files...
HFMIN> merge-PLAs-II XPRECH Prech
PLA 'Prech.on' claims to have 0 product terms.
PLA 'Prech.off' claims to have 0 product terms.
Generating primes with espresso...
HFMIN> espresso -Dprimes XPRECH.on > XPRECH.pi
Minimizing logic with hfmin...
HFMIN> hfmin -l -P XPRECH.on XPRECH.trans XPRECH.pi > XPRECH.sol
Finished minimizing; results should appear in 'XPRECH.sol'.

3D> HFMIN -L Prech_r Prech_r
Merging output PLA files...
HFMIN> merge-PLAs-II XPRECH_r Prech_r
PLA 'Prech_r.on' claims to have 0 product terms.
PLA 'Prech_r.off' claims to have 0 product terms.
Generating primes with espresso...
HFMIN> espresso -Dprimes XPRECH_r.on > XPRECH_r.pi
Minimizing logic with hfmin...
HFMIN> hfmin -l -P XPRECH_r.on XPRECH_r.trans XPRECH_r.pi > XPRECH_r.sol
Finished minimizing; results should appear in 'XPRECH_r.sol'.

3D> HFMIN -L Prech_f Prech_f
Merging output PLA files...
HFMIN> merge-PLAs-II XPRECH_f Prech_f
PLA 'Prech_f.on' claims to have 0 product terms.
PLA 'Prech_f.off' claims to have 0 product terms.
Generating primes with espresso...
HFMIN> espresso -Dprimes XPRECH_f.on > XPRECH_f.pi
Minimizing logic with hfmin...
HFMIN> hfmin -l -P XPRECH_f.on XPRECH_f.trans XPRECH_f.pi > XPRECH_f.sol
Finished minimizing; results should appear in 'XPRECH_f.sol'.

3D> HFMIN -L LX LX
Merging output PLA files...
HFMIN> merge-PLAs-II XLX LX
PLA 'LX.on' claims to have 0 product terms.
PLA 'LX.off' claims to have 0 product terms.
Generating primes with espresso...
HFMIN> espresso -Dprimes XLX.on > XLX.pi
Minimizing logic with hfmin...
HFMIN> hfmin -l -P XLX.on XLX.trans XLX.pi > XLX.sol
Finished minimizing; results should appear in 'XLX.sol'.

3D> HFMIN -L LX_r LX_r
Merging output PLA files...
HFMIN> merge-PLAs-II XLX_r LX_r
PLA 'LX_r.on' claims to have 0 product terms.
PLA 'LX_r.off' claims to have 0 product terms.
Generating primes with espresso...
HFMIN> espresso -Dprimes XLX_r.on > XLX_r.pi
Minimizing logic with hfmin...
HFMIN> hfmin -l -P XLX_r.on XLX_r.trans XLX_r.pi > XLX_r.sol
Finished minimizing; results should appear in 'XLX_r.sol'.

3D> HFMIN -L LX_f LX_f
Merging output PLA files...
HFMIN> merge-PLAs-II XLX_f LX_f
PLA 'LX_f.on' claims to have 0 product terms.
PLA 'LX_f.off' claims to have 0 product terms.
Generating primes with espresso...
HFMIN> espresso -Dprimes XLX_f.on > XLX_f.pi
Minimizing logic with hfmin...
HFMIN> hfmin -l -P XLX_f.on XLX_f.trans XLX_f.pi > XLX_f.sol
Finished minimizing; results should appear in 'XLX_f.sol'.

3D> HFMIN -L LY LY
Merging output PLA files...
HFMIN> merge-PLAs-II XLY LY
PLA 'LY.on' claims to have 0 product terms.
PLA 'LY.off' claims to have 0 product terms.
Generating primes with espresso...
HFMIN> espresso -Dprimes XLY.on > XLY.pi
Minimizing logic with hfmin...
HFMIN> hfmin -l -P XLY.on XLY.trans XLY.pi > XLY.sol
Finished minimizing; results should appear in 'XLY.sol'.

3D> HFMIN -L LY_r LY_r
Merging output PLA files...
HFMIN> merge-PLAs-II XLY_r LY_r
PLA 'LY_r.on' claims to have 0 product terms.
PLA 'LY_r.off' claims to have 0 product terms.
Generating primes with espresso...
HFMIN> espresso -Dprimes XLY_r.on > XLY_r.pi
Minimizing logic with hfmin...
HFMIN> hfmin -l -P XLY_r.on XLY_r.trans XLY_r.pi > XLY_r.sol
Finished minimizing; results should appear in 'XLY_r.sol'.

3D> HFMIN -L LY_f LY_f
Merging output PLA files...
HFMIN> merge-PLAs-II XLY_f LY_f
PLA 'LY_f.on' claims to have 0 product terms.
PLA 'LY_f.off' claims to have 0 product terms.
Generating primes with espresso...
HFMIN> espresso -Dprimes XLY_f.on > XLY_f.pi
Minimizing logic with hfmin...
HFMIN> hfmin -l -P XLY_f.on XLY_f.trans XLY_f.pi > XLY_f.sol
Finished minimizing; results should appear in 'XLY_f.sol'.

3D> HFMIN -L A2M A2M
Merging output PLA files...
HFMIN> merge-PLAs-II XA2M A2M
PLA 'A2M.on' claims to have 0 product terms.
PLA 'A2M.off' claims to have 0 product terms.
Generating primes with espresso...
HFMIN> espresso -Dprimes XA2M.on > XA2M.pi
Minimizing logic with hfmin...
HFMIN> hfmin -l -P XA2M.on XA2M.trans XA2M.pi > XA2M.sol
Finished minimizing; results should appear in 'XA2M.sol'.

3D> HFMIN -L A2M_r A2M_r
Merging output PLA files...
HFMIN> merge-PLAs-II XA2M_r A2M_r
PLA 'A2M_r.on' claims to have 0 product terms.
PLA 'A2M_r.off' claims to have 0 product terms.
Generating primes with espresso...
HFMIN> espresso -Dprimes XA2M_r.on > XA2M_r.pi
Minimizing logic with hfmin...
HFMIN> hfmin -l -P XA2M_r.on XA2M_r.trans XA2M_r.pi > XA2M_r.sol
Finished minimizing; results should appear in 'XA2M_r.sol'.

3D> HFMIN -L A2M_f A2M_f
Merging output PLA files...
HFMIN> merge-PLAs-II XA2M_f A2M_f
PLA 'A2M_f.on' claims to have 0 product terms.
PLA 'A2M_f.off' claims to have 0 product terms.
Generating primes with espresso...
HFMIN> espresso -Dprimes XA2M_f.on > XA2M_f.pi
Minimizing logic with hfmin...
HFMIN> hfmin -l -P XA2M_f.on XA2M_f.trans XA2M_f.pi > XA2M_f.sol
Finished minimizing; results should appear in 'XA2M_f.sol'.

3D> HFMIN -L EndP EndP
Merging output PLA files...
HFMIN> merge-PLAs-II XENDP EndP
PLA 'EndP.on' claims to have 0 product terms.
PLA 'EndP.off' claims to have 0 product terms.
Generating primes with espresso...
HFMIN> espresso -Dprimes XENDP.on > XENDP.pi
Minimizing logic with hfmin...
HFMIN> hfmin -l -P XENDP.on XENDP.trans XENDP.pi > XENDP.sol
Finished minimizing; results should appear in 'XENDP.sol'.

3D> HFMIN -L EndP_r EndP_r
Merging output PLA files...
HFMIN> merge-PLAs-II XENDP_r EndP_r
PLA 'EndP_r.on' claims to have 0 product terms.
PLA 'EndP_r.off' claims to have 0 product terms.
Generating primes with espresso...
HFMIN> espresso -Dprimes XENDP_r.on > XENDP_r.pi
Minimizing logic with hfmin...
HFMIN> hfmin -l -P XENDP_r.on XENDP_r.trans XENDP_r.pi > XENDP_r.sol
Finished minimizing; results should appear in 'XENDP_r.sol'.

3D> HFMIN -L EndP_f EndP_f
Merging output PLA files...
HFMIN> merge-PLAs-II XENDP_f EndP_f
PLA 'EndP_f.on' claims to have 0 product terms.
PLA 'EndP_f.off' claims to have 0 product terms.
Generating primes with espresso...
HFMIN> espresso -Dprimes XENDP_f.on > XENDP_f.pi
Minimizing logic with hfmin...
HFMIN> hfmin -l -P XENDP_f.on XENDP_f.trans XENDP_f.pi > XENDP_f.sol
Finished minimizing; results should appear in 'XENDP_f.sol'.

3D> HFMIN -L seldx seldx
Merging output PLA files...
HFMIN> merge-PLAs-II XSELDX seldx
PLA 'seldx.on' claims to have 0 product terms.
PLA 'seldx.off' claims to have 0 product terms.
Generating primes with espresso...
HFMIN> espresso -Dprimes XSELDX.on > XSELDX.pi
Minimizing logic with hfmin...
HFMIN> hfmin -l -P XSELDX.on XSELDX.trans XSELDX.pi > XSELDX.sol
Finished minimizing; results should appear in 'XSELDX.sol'.

3D> HFMIN -L seldx_r seldx_r
Merging output PLA files...
HFMIN> merge-PLAs-II XSELDX_r seldx_r
PLA 'seldx_r.on' claims to have 0 product terms.
PLA 'seldx_r.off' claims to have 0 product terms.
Generating primes with espresso...
HFMIN> espresso -Dprimes XSELDX_r.on > XSELDX_r.pi
Minimizing logic with hfmin...
HFMIN> hfmin -l -P XSELDX_r.on XSELDX_r.trans XSELDX_r.pi > XSELDX_r.sol
Finished minimizing; results should appear in 'XSELDX_r.sol'.

3D> HFMIN -L seldx_f seldx_f
Merging output PLA files...
HFMIN> merge-PLAs-II XSELDX_f seldx_f
PLA 'seldx_f.on' claims to have 0 product terms.
PLA 'seldx_f.off' claims to have 0 product terms.
Generating primes with espresso...
HFMIN> espresso -Dprimes XSELDX_f.on > XSELDX_f.pi
Minimizing logic with hfmin...
HFMIN> hfmin -l -P XSELDX_f.on XSELDX_f.trans XSELDX_f.pi > XSELDX_f.sol
Finished minimizing; results should appear in 'XSELDX_f.sol'.

3D> HFMIN -L selym2 selym2
Merging output PLA files...
HFMIN> merge-PLAs-II XSELYM2 selym2
PLA 'selym2.on' claims to have 0 product terms.
PLA 'selym2.off' claims to have 0 product terms.
Generating primes with espresso...
HFMIN> espresso -Dprimes XSELYM2.on > XSELYM2.pi
Minimizing logic with hfmin...
HFMIN> hfmin -l -P XSELYM2.on XSELYM2.trans XSELYM2.pi > XSELYM2.sol
Finished minimizing; results should appear in 'XSELYM2.sol'.

3D> HFMIN -L selym2_r selym2_r
Merging output PLA files...
HFMIN> merge-PLAs-II XSELYM2_r selym2_r
PLA 'selym2_r.on' claims to have 0 product terms.
PLA 'selym2_r.off' claims to have 0 product terms.
Generating primes with espresso...
HFMIN> espresso -Dprimes XSELYM2_r.on > XSELYM2_r.pi
Minimizing logic with hfmin...
HFMIN> hfmin -l -P XSELYM2_r.on XSELYM2_r.trans XSELYM2_r.pi > XSELYM2_r.sol
Finished minimizing; results should appear in 'XSELYM2_r.sol'.

3D> HFMIN -L selym2_f selym2_f
Merging output PLA files...
HFMIN> merge-PLAs-II XSELYM2_f selym2_f
PLA 'selym2_f.on' claims to have 0 product terms.
PLA 'selym2_f.off' claims to have 0 product terms.
Generating primes with espresso...
HFMIN> espresso -Dprimes XSELYM2_f.on > XSELYM2_f.pi
Minimizing logic with hfmin...
HFMIN> hfmin -l -P XSELYM2_f.on XSELYM2_f.trans XSELYM2_f.pi > XSELYM2_f.sol
Finished minimizing; results should appear in 'XSELYM2_f.sol'.

3D> HFMIN -L zzz00 zzz00
Merging output PLA files...
HFMIN> merge-PLAs-II XZZZ00 zzz00
PLA 'zzz00.on' claims to have 0 product terms.
PLA 'zzz00.off' claims to have 0 product terms.
Generating primes with espresso...
HFMIN> espresso -Dprimes XZZZ00.on > XZZZ00.pi
Minimizing logic with hfmin...
HFMIN> hfmin -l -P XZZZ00.on XZZZ00.trans XZZZ00.pi > XZZZ00.sol
Finished minimizing; results should appear in 'XZZZ00.sol'.

3D> HFMIN -L zzz00_r zzz00_r
Merging output PLA files...
HFMIN> merge-PLAs-II XZZZ00_r zzz00_r
PLA 'zzz00_r.on' claims to have 0 product terms.
PLA 'zzz00_r.off' claims to have 0 product terms.
Generating primes with espresso...
HFMIN> espresso -Dprimes XZZZ00_r.on > XZZZ00_r.pi
Minimizing logic with hfmin...
HFMIN> hfmin -l -P XZZZ00_r.on XZZZ00_r.trans XZZZ00_r.pi > XZZZ00_r.sol
Finished minimizing; results should appear in 'XZZZ00_r.sol'.

3D> HFMIN -L zzz00_f zzz00_f
Merging output PLA files...
HFMIN> merge-PLAs-II XZZZ00_f zzz00_f
PLA 'zzz00_f.on' claims to have 0 product terms.
PLA 'zzz00_f.off' claims to have 0 product terms.
Generating primes with espresso...
HFMIN> espresso -Dprimes XZZZ00_f.on > XZZZ00_f.pi
Minimizing logic with hfmin...
HFMIN> hfmin -l -P XZZZ00_f.on XZZZ00_f.trans XZZZ00_f.pi > XZZZ00_f.sol
Finished minimizing; results should appear in 'XZZZ00_f.sol'.

3D> HFMIN -L zzz01 zzz01
Merging output PLA files...
HFMIN> merge-PLAs-II XZZZ01 zzz01
PLA 'zzz01.on' claims to have 0 product terms.
PLA 'zzz01.off' claims to have 0 product terms.
Generating primes with espresso...
HFMIN> espresso -Dprimes XZZZ01.on > XZZZ01.pi
Minimizing logic with hfmin...
HFMIN> hfmin -l -P XZZZ01.on XZZZ01.trans XZZZ01.pi > XZZZ01.sol
Finished minimizing; results should appear in 'XZZZ01.sol'.

3D> HFMIN -L zzz01_r zzz01_r
Merging output PLA files...
HFMIN> merge-PLAs-II XZZZ01_r zzz01_r
PLA 'zzz01_r.on' claims to have 0 product terms.
PLA 'zzz01_r.off' claims to have 0 product terms.
Generating primes with espresso...
HFMIN> espresso -Dprimes XZZZ01_r.on > XZZZ01_r.pi
Minimizing logic with hfmin...
HFMIN> hfmin -l -P XZZZ01_r.on XZZZ01_r.trans XZZZ01_r.pi > XZZZ01_r.sol
Finished minimizing; results should appear in 'XZZZ01_r.sol'.

3D> HFMIN -L zzz01_f zzz01_f
Merging output PLA files...
HFMIN> merge-PLAs-II XZZZ01_f zzz01_f
PLA 'zzz01_f.on' claims to have 0 product terms.
PLA 'zzz01_f.off' claims to have 0 product terms.
Generating primes with espresso...
HFMIN> espresso -Dprimes XZZZ01_f.on > XZZZ01_f.pi
Minimizing logic with hfmin...
HFMIN> hfmin -l -P XZZZ01_f.on XZZZ01_f.trans XZZZ01_f.pi > XZZZ01_f.sol
Finished minimizing; results should appear in 'XZZZ01_f.sol'.

3D> HFMIN -L zzz02 zzz02
Merging output PLA files...
HFMIN> merge-PLAs-II XZZZ02 zzz02
PLA 'zzz02.on' claims to have 0 product terms.
PLA 'zzz02.off' claims to have 0 product terms.
Generating primes with espresso...
HFMIN> espresso -Dprimes XZZZ02.on > XZZZ02.pi
Minimizing logic with hfmin...
HFMIN> hfmin -l -P XZZZ02.on XZZZ02.trans XZZZ02.pi > XZZZ02.sol
Finished minimizing; results should appear in 'XZZZ02.sol'.

3D> HFMIN -L zzz02_r zzz02_r
Merging output PLA files...
HFMIN> merge-PLAs-II XZZZ02_r zzz02_r
PLA 'zzz02_r.on' claims to have 0 product terms.
PLA 'zzz02_r.off' claims to have 0 product terms.
Generating primes with espresso...
HFMIN> espresso -Dprimes XZZZ02_r.on > XZZZ02_r.pi
Minimizing logic with hfmin...
HFMIN> hfmin -l -P XZZZ02_r.on XZZZ02_r.trans XZZZ02_r.pi > XZZZ02_r.sol
Finished minimizing; results should appear in 'XZZZ02_r.sol'.

3D> HFMIN -L zzz02_f zzz02_f
Merging output PLA files...
HFMIN> merge-PLAs-II XZZZ02_f zzz02_f
PLA 'zzz02_f.on' claims to have 0 product terms.
PLA 'zzz02_f.off' claims to have 0 product terms.
Generating primes with espresso...
HFMIN> espresso -Dprimes XZZZ02_f.on > XZZZ02_f.pi
Minimizing logic with hfmin...
HFMIN> hfmin -l -P XZZZ02_f.on XZZZ02_f.trans XZZZ02_f.pi > XZZZ02_f.sol
Finished minimizing; results should appear in 'XZZZ02_f.sol'.

3D> logiceqn ALU2 ALU2.eqn
