Input Count   = 3
Output Count  = 3
Initial State = 000100

* State Diagram *
(0)	000100
 P  2	000111
 N  1	011100	 2+ 1+	|  3-

(1)	011000
 P  0	011100
 N  2	11-000	 0+ 2*	|  3+ 4+ 5+

(2)	11-111
 P  1	11-000
 N  0	000111	 0- 2- 1-	|  4- 5-


0 => 1
 3  1-0 I	000100    011100
 3  0-0 O	011100    011000
 4  0-0 I	000100    011100
 4  0-0 O	011100    011000
 5  0-0 I	000100    011100
 5  0-0 O	011100    011000

   InitIO    	000100   [000100]
   After Cond	000100   [000100]
   After IB  	011100
   After EOB 	011000
   NextIO    	011000
 3 [ON]  1-0 I	00-100
   [PRV]	00-100   [000100]
 3 [ON]  1-0 I	0-0100
   [PRV]	0-0100   [000100]
 3 [OFF] 1-0 O	011-00
 4 [OFF] 0-0 I	0--100
 4 [OFF] 0-0 O	011-00
 5 [OFF] 0-0 I	0--100
 5 [OFF] 0-0 O	011-00

1 => 2
 3  0-1 I	011000    11-000
 3  1-1 O	11-000    11-111
 4  0-1 I	011000    11-000
 4  1-1 O	11-000    11-111
 5  0-1 I	011000    11-000
 5  1-1 O	11-000    11-111

   InitIO    	011000   [011000]
   After Cond	011000   [011000]
   After IB  	11-000
   After EOB 	11-111
   NextIO    	11-111
 3 [ON]  0-1 O	11----
   [PRV]	11-000   [110000]
 4 [ON]  0-1 O	11----
   [PRV]	11-000   [110000]
 5 [ON]  0-1 O	11----
   [PRV]	11-000   [110000]
 3 [OFF] 0-1 I	01-000
 4 [OFF] 0-1 I	01-000
 5 [OFF] 0-1 I	01-000

2 => 0
 3  1-1 I	11-111    000111
 3  1-1 O	000111    000100
 4  1-0 I	11-111    000111
 4  0-0 O	000111    000100
 5  1-0 I	11-111    000111
 5  0-0 O	000111    000100

   InitIO    	11-111   [111111]
   After Cond	11-111   [111111]
   After IB  	000111
   After EOB 	000100
   NextIO    	000100
 3 [ON]  1-1 I	---111
 3 [ON]  1-1 O	0001--
 4 [ON]  1-0 I	1--111
   [PRV]	1--111   [111111]
 4 [ON]  1-0 I	-1-111
   [PRV]	-1-111   [111111]
 4 [ON]  1-0 I	--1111
   [PRV]	--1111   [111111]
 5 [ON]  1-0 I	1--111
   [PRV]	1--111   [111111]
 5 [ON]  1-0 I	-1-111
   [PRV]	-1-111   [111111]
 5 [ON]  1-0 I	--1111
   [PRV]	--1111   [111111]
 4 [OFF] 1-0 O	0001--
 5 [OFF] 1-0 O	0001--

* Inputs *
EvDone
A2M
A1M
Prech
M2A2
LM2

* Output <Prech> On-Set *
00-100
0-0100
11----
---111
0001--

* Output <Prech> Off-Set *
011-00
01-000

* Output <M2A2> On-Set *
11----
1--111
-1-111
--1111

* Output <M2A2> Off-Set *
0--100
011-00
01-000
0001--

* Output <LM2> On-Set *
11----
1--111
-1-111
--1111

* Output <LM2> Off-Set *
0--100
011-00
01-000
0001--

* Output <Prech> Rising-Set *
11-000

* Output <Prech> Falling-Set *
011100

* Output <M2A2> Rising-Set *
11-000

* Output <M2A2> Falling-Set *
000111

* Output <LM2> Rising-Set *
11-000

* Output <LM2> Falling-Set *
000111
