Input Count   = 2
Output Count  = 3
Initial State = 00100

* State Diagram *
(0)	00100
 P  2	00010
 N  1	-1100	 0* 1+	|  2- 4+

(1)	-1001
 P  0	-1100
 N  2	10001	 0+ 1-	|  3+ 4-

(2)	10010
 P  1	10001
 N  0	00010	 0-	|  2+ 3-


0 => 1
 2  1-0 I	00100    -1100
 2  0-0 O	-1100    -1001
 3  0-0 I	00100    -1100
 3  0-0 O	-1100    -1001
 4  0-1 I	00100    -1100
 4  1-1 O	-1100    -1001

   InitIO    	00100   [00100]
   After Cond	00100   [00100]
   After IB  	-1100
   After EOB 	-1001
   NextIO    	-1001
 2 [ON]  1-0 I	-0100
   [PRV]	-0100   [00100]
 4 [ON]  0-1 O	-1-0-
   [PRV]	-1100   [11100]
 2 [OFF] 1-0 O	-1-0-
 3 [OFF] 0-0 I	--100
 3 [OFF] 0-0 O	-1-0-
 4 [OFF] 0-1 I	-0100

1 => 2
 2  0-0 I	-1001    10001
 2  0-0 O	10001    10010
 3  0-1 I	-1001    10001
 3  1-1 O	10001    10010
 4  1-0 I	-1001    10001
 4  0-0 O	10001    10010

   InitIO    	-1001   [01001]
   After Cond	-1001   [01001]
   After IB  	10001
   After EOB 	10010
   NextIO    	10010
 3 [ON]  0-1 O	100--
 4 [ON]  1-0 I	0-001
   [PRV]	0-001   [01001]
 4 [ON]  1-0 I	-1001
   [PRV]	-1001   [01001]
 2 [OFF] 0-0 I	--001
 2 [OFF] 0-0 O	100--
 3 [OFF] 0-1 I	0-001
 3 [OFF] 0-1 I	-1001
 4 [OFF] 1-0 O	100--

2 => 0
 2  0-1 I	10010    00010
 2  1-1 O	00010    00100
 3  1-0 I	10010    00010
 3  0-0 O	00010    00100
 4  0-0 I	10010    00010
 4  0-0 O	00010    00100

   InitIO    	10010   [10010]
   After Cond	10010   [10010]
   After IB  	00010
   After EOB 	00100
   NextIO    	00100
 2 [ON]  0-1 O	00--0
 3 [OFF] 1-0 O	00--0
 4 [OFF] 0-0 I	-0010
 4 [OFF] 0-0 O	00--0

* Inputs *
rin
ain
rout
aout
zzz00

* Output <rout> On-Set *
-0100
00--0

* Output <rout> Off-Set *
-1-0-
--001
100--

* Output <aout> On-Set *
100--

* Output <aout> Off-Set *
--100
-1-0-
0-001
-1001
00--0

* Output <zzz00> On-Set *
-1-0-
0-001
-1001

* Output <zzz00> Off-Set *
-0100
100--
-0010
00--0

* Output <rout> Rising-Set *
00010

* Output <rout> Falling-Set *
-1100

* Output <aout> Rising-Set *
10001

* Output <aout> Falling-Set *
00010

* Output <zzz00> Rising-Set *
-1100

* Output <zzz00> Falling-Set *
10001
